   1              		.cpu cortex-m3
   2              		.eabi_attribute 20, 1
   3              		.eabi_attribute 21, 1
   4              		.eabi_attribute 23, 3
   5              		.eabi_attribute 24, 1
   6              		.eabi_attribute 25, 1
   7              		.eabi_attribute 26, 1
   8              		.eabi_attribute 30, 1
   9              		.eabi_attribute 34, 1
  10              		.eabi_attribute 18, 4
  11              		.file	"DIO_program.c"
  12              		.text
  13              	.Ltext0:
  14              		.cfi_sections	.debug_frame
  15              		.section	.text.DIO_voidSetDirection,"ax",%progbits
  16              		.align	1
  17              		.global	DIO_voidSetDirection
  18              		.syntax unified
  19              		.thumb
  20              		.thumb_func
  21              		.fpu softvfp
  23              	DIO_voidSetDirection:
  24              	.LFB0:
  25              		.file 1 "../src/DIO_program.c"
   1:../src/DIO_program.c **** /**************************************************************************************/
   2:../src/DIO_program.c **** /*    Author  : OsamaMahmoud                                                          */
   3:../src/DIO_program.c **** /*    Date    : 13/8/2020                                                             */
   4:../src/DIO_program.c **** /*    Version : V01                                                                   */
   5:../src/DIO_program.c **** /**************************************************************************************/
   6:../src/DIO_program.c **** #include "STD_TYPES.h"
   7:../src/DIO_program.c **** #include "BIT_MATH.h"
   8:../src/DIO_program.c **** 
   9:../src/DIO_program.c **** #include "DIO_interface.h"
  10:../src/DIO_program.c **** #include "DIO_private.h"
  11:../src/DIO_program.c **** //#include "DIO_config.h"
  12:../src/DIO_program.c **** 
  13:../src/DIO_program.c **** void DIO_voidSetDirection(u8 Copy_u8port, u8 Copy_u8pin, u8 Copy_u8mode)
  14:../src/DIO_program.c **** {
  26              		.loc 1 14 0
  27              		.cfi_startproc
  28              		@ args = 0, pretend = 0, frame = 0
  29              		@ frame_needed = 0, uses_anonymous_args = 0
  30              		@ link register save eliminated.
  31              	.LVL0:
  32 0000 10B4     		push	{r4}
  33              		.cfi_def_cfa_offset 4
  34              		.cfi_offset 4, -4
  15:../src/DIO_program.c **** 	switch(Copy_u8port)
  35              		.loc 1 15 0
  36 0002 0128     		cmp	r0, #1
  37 0004 24D0     		beq	.L3
  38 0006 18B1     		cbz	r0, .L4
  39 0008 0228     		cmp	r0, #2
  40 000a 41D0     		beq	.L5
  41              	.LVL1:
  42              	.L1:
  16:../src/DIO_program.c **** 	{
  17:../src/DIO_program.c **** 		case GPIOA : 
  18:../src/DIO_program.c **** 		if(Copy_u8pin<=7)
  19:../src/DIO_program.c **** 		{
  20:../src/DIO_program.c **** 			GPIOA_CRL &= ~((0b1111)<<(Copy_u8pin*4));
  21:../src/DIO_program.c **** 			GPIOA_CRL |=  ((Copy_u8mode)<<(Copy_u8pin*4));
  22:../src/DIO_program.c **** 		}
  23:../src/DIO_program.c **** 		else if(Copy_u8pin<=15)
  24:../src/DIO_program.c **** 		{
  25:../src/DIO_program.c **** 			Copy_u8pin = Copy_u8pin-8;
  26:../src/DIO_program.c **** 			GPIOA_CRH &= ~((0b1111)<<(Copy_u8pin*4));
  27:../src/DIO_program.c **** 			GPIOA_CRH |=  ((Copy_u8mode)<<(Copy_u8pin*4));
  28:../src/DIO_program.c **** 			
  29:../src/DIO_program.c **** 		}
  30:../src/DIO_program.c **** 		break;
  31:../src/DIO_program.c **** 		case GPIOB : 
  32:../src/DIO_program.c **** 		if(Copy_u8pin<=7)
  33:../src/DIO_program.c **** 		{
  34:../src/DIO_program.c **** 			GPIOA_CRL &= ~((0b1111)<<(Copy_u8pin*4));
  35:../src/DIO_program.c **** 			GPIOA_CRL |=  ((Copy_u8mode)<<(Copy_u8pin*4));
  36:../src/DIO_program.c **** 		}
  37:../src/DIO_program.c **** 		else if(Copy_u8pin<=15)
  38:../src/DIO_program.c **** 		{
  39:../src/DIO_program.c **** 			Copy_u8pin = Copy_u8pin-8;
  40:../src/DIO_program.c **** 			GPIOA_CRH &= ~((0b1111)<<(Copy_u8pin*4));
  41:../src/DIO_program.c **** 			GPIOA_CRH |=  ((Copy_u8mode)<<(Copy_u8pin*4));
  42:../src/DIO_program.c **** 			
  43:../src/DIO_program.c **** 		}
  44:../src/DIO_program.c **** 		break;
  45:../src/DIO_program.c **** 		case GPIOC : 
  46:../src/DIO_program.c **** 		if(Copy_u8pin<=7)
  47:../src/DIO_program.c **** 		{
  48:../src/DIO_program.c **** 			GPIOA_CRL &= ~((0b1111)<<(Copy_u8pin*4));
  49:../src/DIO_program.c **** 			GPIOA_CRL |=  ((Copy_u8mode)<<(Copy_u8pin*4));
  50:../src/DIO_program.c **** 		}
  51:../src/DIO_program.c **** 		else if(Copy_u8pin<=15)
  52:../src/DIO_program.c **** 		{
  53:../src/DIO_program.c **** 			Copy_u8pin = Copy_u8pin-8;
  54:../src/DIO_program.c **** 			GPIOA_CRH &= ~((0b1111)<<(Copy_u8pin*4));
  55:../src/DIO_program.c **** 			GPIOA_CRH |=  ((Copy_u8mode)<<(Copy_u8pin*4));
  56:../src/DIO_program.c **** 			
  57:../src/DIO_program.c **** 		}
  58:../src/DIO_program.c **** 		break;
  59:../src/DIO_program.c **** 	}
  60:../src/DIO_program.c **** }
  43              		.loc 1 60 0
  44 000c 10BC     		pop	{r4}
  45              		.cfi_remember_state
  46              		.cfi_restore 4
  47              		.cfi_def_cfa_offset 0
  48 000e 7047     		bx	lr
  49              	.LVL2:
  50              	.L4:
  51              		.cfi_restore_state
  18:../src/DIO_program.c **** 		{
  52              		.loc 1 18 0
  53 0010 0729     		cmp	r1, #7
  54 0012 10D9     		bls	.L10
  23:../src/DIO_program.c **** 		{
  55              		.loc 1 23 0
  56 0014 0F29     		cmp	r1, #15
  57 0016 F9D8     		bhi	.L1
  25:../src/DIO_program.c **** 			GPIOA_CRH &= ~((0b1111)<<(Copy_u8pin*4));
  58              		.loc 1 25 0
  59 0018 A1F10804 		sub	r4, r1, #8
  60 001c E4B2     		uxtb	r4, r4
  61              	.LVL3:
  26:../src/DIO_program.c **** 			GPIOA_CRH |=  ((Copy_u8mode)<<(Copy_u8pin*4));
  62              		.loc 1 26 0
  63 001e A400     		lsls	r4, r4, #2
  64              	.LVL4:
  65 0020 0F23     		movs	r3, #15
  66 0022 A340     		lsls	r3, r3, r4
  67 0024 2A48     		ldr	r0, .L13
  68              	.LVL5:
  69 0026 0168     		ldr	r1, [r0]
  70              	.LVL6:
  71 0028 21EA0303 		bic	r3, r1, r3
  27:../src/DIO_program.c **** 			
  72              		.loc 1 27 0
  73 002c 02FA04F1 		lsl	r1, r2, r4
  74 0030 1943     		orrs	r1, r1, r3
  75 0032 0160     		str	r1, [r0]
  76 0034 EAE7     		b	.L1
  77              	.LVL7:
  78              	.L10:
  20:../src/DIO_program.c **** 			GPIOA_CRL |=  ((Copy_u8mode)<<(Copy_u8pin*4));
  79              		.loc 1 20 0
  80 0036 8900     		lsls	r1, r1, #2
  81              	.LVL8:
  82 0038 0F23     		movs	r3, #15
  83 003a 03FA01F0 		lsl	r0, r3, r1
  84              	.LVL9:
  85 003e 254C     		ldr	r4, .L13+4
  86 0040 2368     		ldr	r3, [r4]
  87 0042 23EA0003 		bic	r3, r3, r0
  21:../src/DIO_program.c **** 		}
  88              		.loc 1 21 0
  89 0046 02FA01F1 		lsl	r1, r2, r1
  90 004a 1943     		orrs	r1, r1, r3
  91 004c 2160     		str	r1, [r4]
  92 004e DDE7     		b	.L1
  93              	.LVL10:
  94              	.L3:
  32:../src/DIO_program.c **** 		{
  95              		.loc 1 32 0
  96 0050 0729     		cmp	r1, #7
  97 0052 10D9     		bls	.L11
  37:../src/DIO_program.c **** 		{
  98              		.loc 1 37 0
  99 0054 0F29     		cmp	r1, #15
 100 0056 D9D8     		bhi	.L1
  39:../src/DIO_program.c **** 			GPIOA_CRH &= ~((0b1111)<<(Copy_u8pin*4));
 101              		.loc 1 39 0
 102 0058 A1F10800 		sub	r0, r1, #8
 103              	.LVL11:
 104 005c C0B2     		uxtb	r0, r0
 105              	.LVL12:
  40:../src/DIO_program.c **** 			GPIOA_CRH |=  ((Copy_u8mode)<<(Copy_u8pin*4));
 106              		.loc 1 40 0
 107 005e 8000     		lsls	r0, r0, #2
 108              	.LVL13:
 109 0060 0F23     		movs	r3, #15
 110 0062 8340     		lsls	r3, r3, r0
 111 0064 1A4C     		ldr	r4, .L13
 112 0066 2168     		ldr	r1, [r4]
 113              	.LVL14:
 114 0068 21EA0303 		bic	r3, r1, r3
  41:../src/DIO_program.c **** 			
 115              		.loc 1 41 0
 116 006c 02FA00F1 		lsl	r1, r2, r0
 117 0070 1943     		orrs	r1, r1, r3
 118 0072 2160     		str	r1, [r4]
 119 0074 CAE7     		b	.L1
 120              	.LVL15:
 121              	.L11:
  34:../src/DIO_program.c **** 			GPIOA_CRL |=  ((Copy_u8mode)<<(Copy_u8pin*4));
 122              		.loc 1 34 0
 123 0076 8900     		lsls	r1, r1, #2
 124              	.LVL16:
 125 0078 0F23     		movs	r3, #15
 126 007a 03FA01F0 		lsl	r0, r3, r1
 127              	.LVL17:
 128 007e 154C     		ldr	r4, .L13+4
 129 0080 2368     		ldr	r3, [r4]
 130 0082 23EA0003 		bic	r3, r3, r0
  35:../src/DIO_program.c **** 		}
 131              		.loc 1 35 0
 132 0086 02FA01F1 		lsl	r1, r2, r1
 133 008a 1943     		orrs	r1, r1, r3
 134 008c 2160     		str	r1, [r4]
 135 008e BDE7     		b	.L1
 136              	.LVL18:
 137              	.L5:
  46:../src/DIO_program.c **** 		{
 138              		.loc 1 46 0
 139 0090 0729     		cmp	r1, #7
 140 0092 10D9     		bls	.L12
  51:../src/DIO_program.c **** 		{
 141              		.loc 1 51 0
 142 0094 0F29     		cmp	r1, #15
 143 0096 B9D8     		bhi	.L1
  53:../src/DIO_program.c **** 			GPIOA_CRH &= ~((0b1111)<<(Copy_u8pin*4));
 144              		.loc 1 53 0
 145 0098 A1F10803 		sub	r3, r1, #8
 146 009c DBB2     		uxtb	r3, r3
 147              	.LVL19:
  54:../src/DIO_program.c **** 			GPIOA_CRH |=  ((Copy_u8mode)<<(Copy_u8pin*4));
 148              		.loc 1 54 0
 149 009e 9B00     		lsls	r3, r3, #2
 150              	.LVL20:
 151 00a0 0F20     		movs	r0, #15
 152              	.LVL21:
 153 00a2 9840     		lsls	r0, r0, r3
 154 00a4 0A4C     		ldr	r4, .L13
 155 00a6 2168     		ldr	r1, [r4]
 156              	.LVL22:
 157 00a8 21EA0000 		bic	r0, r1, r0
  55:../src/DIO_program.c **** 			
 158              		.loc 1 55 0
 159 00ac 02FA03F1 		lsl	r1, r2, r3
 160 00b0 0143     		orrs	r1, r1, r0
 161 00b2 2160     		str	r1, [r4]
 162              		.loc 1 60 0
 163 00b4 AAE7     		b	.L1
 164              	.LVL23:
 165              	.L12:
  48:../src/DIO_program.c **** 			GPIOA_CRL |=  ((Copy_u8mode)<<(Copy_u8pin*4));
 166              		.loc 1 48 0
 167 00b6 8900     		lsls	r1, r1, #2
 168              	.LVL24:
 169 00b8 0F23     		movs	r3, #15
 170 00ba 03FA01F0 		lsl	r0, r3, r1
 171              	.LVL25:
 172 00be 054C     		ldr	r4, .L13+4
 173 00c0 2368     		ldr	r3, [r4]
 174 00c2 23EA0003 		bic	r3, r3, r0
  49:../src/DIO_program.c **** 		}
 175              		.loc 1 49 0
 176 00c6 02FA01F1 		lsl	r1, r2, r1
 177 00ca 1943     		orrs	r1, r1, r3
 178 00cc 2160     		str	r1, [r4]
 179 00ce 9DE7     		b	.L1
 180              	.L14:
 181              		.align	2
 182              	.L13:
 183 00d0 04080140 		.word	1073809412
 184 00d4 00080140 		.word	1073809408
 185              		.cfi_endproc
 186              	.LFE0:
 188              		.section	.text.DIO_voidSetValue,"ax",%progbits
 189              		.align	1
 190              		.global	DIO_voidSetValue
 191              		.syntax unified
 192              		.thumb
 193              		.thumb_func
 194              		.fpu softvfp
 196              	DIO_voidSetValue:
 197              	.LFB1:
  61:../src/DIO_program.c **** void DIO_voidSetValue(u8 Copy_u8port, u8 Copy_u8pin, u8 Copy_u8value)
  62:../src/DIO_program.c **** {
 198              		.loc 1 62 0
 199              		.cfi_startproc
 200              		@ args = 0, pretend = 0, frame = 0
 201              		@ frame_needed = 0, uses_anonymous_args = 0
 202              		@ link register save eliminated.
 203              	.LVL26:
  63:../src/DIO_program.c **** 	switch(Copy_u8port)
 204              		.loc 1 63 0
 205 0000 0128     		cmp	r0, #1
 206 0002 17D0     		beq	.L17
 207 0004 10B1     		cbz	r0, .L18
 208 0006 0228     		cmp	r0, #2
 209 0008 23D0     		beq	.L19
 210 000a 7047     		bx	lr
 211              	.L18:
  64:../src/DIO_program.c **** 	{
  65:../src/DIO_program.c **** 		case GPIOA : 
  66:../src/DIO_program.c **** 		if(Copy_u8value == GPIO_HIGH)
 212              		.loc 1 66 0
 213 000c 012A     		cmp	r2, #1
 214 000e 0BD0     		beq	.L23
  67:../src/DIO_program.c **** 		{
  68:../src/DIO_program.c **** 			//SET_BIT(GPIOA_ODR, Copy_u8pin); 
  69:../src/DIO_program.c **** 			GPIOA_BSRR = (1<<Copy_u8pin);
  70:../src/DIO_program.c **** 		}
  71:../src/DIO_program.c **** 		else if(Copy_u8value == GPIO_LOW)
 215              		.loc 1 71 0
 216 0010 3ABB     		cbnz	r2, .L15
  72:../src/DIO_program.c **** 		{
  73:../src/DIO_program.c **** 			CLR_BIT(GPIOA_ODR, Copy_u8pin);
 217              		.loc 1 73 0
 218 0012 0123     		movs	r3, #1
 219 0014 03FA01F1 		lsl	r1, r3, r1
 220              	.LVL27:
 221 0018 154A     		ldr	r2, .L26
 222              	.LVL28:
 223 001a 1368     		ldr	r3, [r2]
 224 001c 23EA0103 		bic	r3, r3, r1
 225 0020 1360     		str	r3, [r2]
  74:../src/DIO_program.c **** 			GPIOA_BRR = (1<<Copy_u8pin);
 226              		.loc 1 74 0
 227 0022 144B     		ldr	r3, .L26+4
 228 0024 1960     		str	r1, [r3]
 229 0026 7047     		bx	lr
 230              	.LVL29:
 231              	.L23:
  69:../src/DIO_program.c **** 		}
 232              		.loc 1 69 0
 233 0028 0123     		movs	r3, #1
 234 002a 03FA01F1 		lsl	r1, r3, r1
 235              	.LVL30:
 236 002e 124B     		ldr	r3, .L26+8
 237 0030 1960     		str	r1, [r3]
 238 0032 7047     		bx	lr
 239              	.LVL31:
 240              	.L17:
  75:../src/DIO_program.c **** 		}
  76:../src/DIO_program.c **** 		break;
  77:../src/DIO_program.c **** 		case GPIOB : 
  78:../src/DIO_program.c **** 		if(Copy_u8value == GPIO_HIGH)
 241              		.loc 1 78 0
 242 0034 012A     		cmp	r2, #1
 243 0036 06D0     		beq	.L24
  79:../src/DIO_program.c **** 		{
  80:../src/DIO_program.c **** 			//SET_BIT(GPIOB_ODR, Copy_u8pin); 
  81:../src/DIO_program.c **** 			GPIOB_BSRR = (1<<Copy_u8pin);
  82:../src/DIO_program.c **** 		}
  83:../src/DIO_program.c **** 		else if(Copy_u8value == GPIO_LOW)
 244              		.loc 1 83 0
 245 0038 9AB9     		cbnz	r2, .L15
  84:../src/DIO_program.c **** 		{
  85:../src/DIO_program.c **** 			//CLR_BIT(GPIOB_ODR, Copy_u8pin);
  86:../src/DIO_program.c **** 			GPIOB_BRR = (1<<Copy_u8pin);
 246              		.loc 1 86 0
 247 003a 0123     		movs	r3, #1
 248 003c 03FA01F1 		lsl	r1, r3, r1
 249              	.LVL32:
 250 0040 0E4B     		ldr	r3, .L26+12
 251 0042 1960     		str	r1, [r3]
 252 0044 7047     		bx	lr
 253              	.LVL33:
 254              	.L24:
  81:../src/DIO_program.c **** 		}
 255              		.loc 1 81 0
 256 0046 0123     		movs	r3, #1
 257 0048 03FA01F1 		lsl	r1, r3, r1
 258              	.LVL34:
 259 004c 0C4B     		ldr	r3, .L26+16
 260 004e 1960     		str	r1, [r3]
 261 0050 7047     		bx	lr
 262              	.LVL35:
 263              	.L19:
  87:../src/DIO_program.c **** 		}
  88:../src/DIO_program.c **** 		break;
  89:../src/DIO_program.c **** 		case GPIOC : 
  90:../src/DIO_program.c **** 		if(Copy_u8value == GPIO_HIGH)
 264              		.loc 1 90 0
 265 0052 012A     		cmp	r2, #1
 266 0054 06D0     		beq	.L25
  91:../src/DIO_program.c **** 		{
  92:../src/DIO_program.c **** 			//SET_BIT(GPIOC_ODR, Copy_u8pin); 
  93:../src/DIO_program.c **** 			GPIOC_BSRR = (1<<Copy_u8pin);
  94:../src/DIO_program.c **** 		}
  95:../src/DIO_program.c **** 		else if(Copy_u8value == GPIO_LOW)
 267              		.loc 1 95 0
 268 0056 22B9     		cbnz	r2, .L15
  96:../src/DIO_program.c **** 		{
  97:../src/DIO_program.c **** 			//CLR_BIT(GPIOC_ODR, Copy_u8pin);
  98:../src/DIO_program.c **** 			GPIOC_BRR = (1<<Copy_u8pin);
 269              		.loc 1 98 0
 270 0058 0123     		movs	r3, #1
 271 005a 03FA01F1 		lsl	r1, r3, r1
 272              	.LVL36:
 273 005e 094B     		ldr	r3, .L26+20
 274 0060 1960     		str	r1, [r3]
 275              	.L15:
  99:../src/DIO_program.c **** 		}
 100:../src/DIO_program.c **** 		break;
 101:../src/DIO_program.c **** 	}
 102:../src/DIO_program.c **** }
 276              		.loc 1 102 0
 277 0062 7047     		bx	lr
 278              	.LVL37:
 279              	.L25:
  93:../src/DIO_program.c **** 		}
 280              		.loc 1 93 0
 281 0064 0123     		movs	r3, #1
 282 0066 03FA01F1 		lsl	r1, r3, r1
 283              	.LVL38:
 284 006a 074B     		ldr	r3, .L26+24
 285 006c 1960     		str	r1, [r3]
 286 006e 7047     		bx	lr
 287              	.L27:
 288              		.align	2
 289              	.L26:
 290 0070 0C080140 		.word	1073809420
 291 0074 14080140 		.word	1073809428
 292 0078 10080140 		.word	1073809424
 293 007c 140C0140 		.word	1073810452
 294 0080 100C0140 		.word	1073810448
 295 0084 14100140 		.word	1073811476
 296 0088 10100140 		.word	1073811472
 297              		.cfi_endproc
 298              	.LFE1:
 300              		.section	.text.DIO_u8GetValue,"ax",%progbits
 301              		.align	1
 302              		.global	DIO_u8GetValue
 303              		.syntax unified
 304              		.thumb
 305              		.thumb_func
 306              		.fpu softvfp
 308              	DIO_u8GetValue:
 309              	.LFB2:
 103:../src/DIO_program.c **** u8 DIO_u8GetValue(u8 Copy_u8port,u8 Copy_u8pin)
 104:../src/DIO_program.c **** {   
 310              		.loc 1 104 0
 311              		.cfi_startproc
 312              		@ args = 0, pretend = 0, frame = 0
 313              		@ frame_needed = 0, uses_anonymous_args = 0
 314              		@ link register save eliminated.
 315              	.LVL39:
 105:../src/DIO_program.c ****     u8 Value=0;
 106:../src/DIO_program.c **** 	switch(Copy_u8port)
 316              		.loc 1 106 0
 317 0000 0128     		cmp	r0, #1
 318 0002 0AD0     		beq	.L30
 319 0004 18B1     		cbz	r0, .L31
 320 0006 0228     		cmp	r0, #2
 321 0008 0DD0     		beq	.L32
 105:../src/DIO_program.c ****     u8 Value=0;
 322              		.loc 1 105 0
 323 000a 0020     		movs	r0, #0
 324              	.LVL40:
 107:../src/DIO_program.c **** 	{
 108:../src/DIO_program.c **** 		case GPIOA : 
 109:../src/DIO_program.c **** 		Value = GET_BIT(GPIOA_IDR, Copy_u8pin);
 110:../src/DIO_program.c **** 		break;
 111:../src/DIO_program.c **** 		case GPIOB : 
 112:../src/DIO_program.c **** 		Value = GET_BIT(GPIOB_IDR, Copy_u8pin);
 113:../src/DIO_program.c **** 		break;
 114:../src/DIO_program.c **** 		case GPIOC : 
 115:../src/DIO_program.c **** 		Value = GET_BIT(GPIOC_IDR, Copy_u8pin);
 116:../src/DIO_program.c **** 		break;
 117:../src/DIO_program.c **** 	}
 118:../src/DIO_program.c **** 	return Value;
 119:../src/DIO_program.c **** }
 325              		.loc 1 119 0
 326 000c 7047     		bx	lr
 327              	.LVL41:
 328              	.L31:
 109:../src/DIO_program.c **** 		break;
 329              		.loc 1 109 0
 330 000e 094B     		ldr	r3, .L35
 331 0010 1868     		ldr	r0, [r3]
 332              	.LVL42:
 333 0012 C840     		lsrs	r0, r0, r1
 334 0014 00F00100 		and	r0, r0, #1
 335              	.LVL43:
 110:../src/DIO_program.c **** 		case GPIOB : 
 336              		.loc 1 110 0
 337 0018 7047     		bx	lr
 338              	.LVL44:
 339              	.L30:
 112:../src/DIO_program.c **** 		break;
 340              		.loc 1 112 0
 341 001a 074B     		ldr	r3, .L35+4
 342 001c 1868     		ldr	r0, [r3]
 343              	.LVL45:
 344 001e C840     		lsrs	r0, r0, r1
 345 0020 00F00100 		and	r0, r0, #1
 346              	.LVL46:
 113:../src/DIO_program.c **** 		case GPIOC : 
 347              		.loc 1 113 0
 348 0024 7047     		bx	lr
 349              	.LVL47:
 350              	.L32:
 115:../src/DIO_program.c **** 		break;
 351              		.loc 1 115 0
 352 0026 054B     		ldr	r3, .L35+8
 353 0028 1868     		ldr	r0, [r3]
 354              	.LVL48:
 355 002a C840     		lsrs	r0, r0, r1
 356 002c 00F00100 		and	r0, r0, #1
 357              	.LVL49:
 116:../src/DIO_program.c **** 	}
 358              		.loc 1 116 0
 359 0030 7047     		bx	lr
 360              	.L36:
 361 0032 00BF     		.align	2
 362              	.L35:
 363 0034 08080140 		.word	1073809416
 364 0038 080C0140 		.word	1073810440
 365 003c 08100140 		.word	1073811464
 366              		.cfi_endproc
 367              	.LFE2:
 369              		.section	.text.DIO_voidTogPin,"ax",%progbits
 370              		.align	1
 371              		.global	DIO_voidTogPin
 372              		.syntax unified
 373              		.thumb
 374              		.thumb_func
 375              		.fpu softvfp
 377              	DIO_voidTogPin:
 378              	.LFB3:
 120:../src/DIO_program.c **** void DIO_voidTogPin(u8 Copy_u8port, u8 Copy_u8pin)
 121:../src/DIO_program.c **** {
 379              		.loc 1 121 0
 380              		.cfi_startproc
 381              		@ args = 0, pretend = 0, frame = 0
 382              		@ frame_needed = 0, uses_anonymous_args = 0
 383              		@ link register save eliminated.
 384              	.LVL50:
 122:../src/DIO_program.c **** 		switch(Copy_u8port)
 385              		.loc 1 122 0
 386 0000 0128     		cmp	r0, #1
 387 0002 0BD0     		beq	.L39
 388 0004 10B1     		cbz	r0, .L40
 389 0006 0228     		cmp	r0, #2
 390 0008 10D0     		beq	.L41
 391 000a 7047     		bx	lr
 392              	.L40:
 123:../src/DIO_program.c **** 	{
 124:../src/DIO_program.c **** 		case GPIOA : 
 125:../src/DIO_program.c **** 		TOG_BIT(GPIOA_ODR, Copy_u8pin);
 393              		.loc 1 125 0
 394 000c 0123     		movs	r3, #1
 395 000e 03FA01F1 		lsl	r1, r3, r1
 396              	.LVL51:
 397 0012 0A4A     		ldr	r2, .L42
 398 0014 1368     		ldr	r3, [r2]
 399 0016 4B40     		eors	r3, r3, r1
 400 0018 1360     		str	r3, [r2]
 126:../src/DIO_program.c **** 		break;
 401              		.loc 1 126 0
 402 001a 7047     		bx	lr
 403              	.LVL52:
 404              	.L39:
 127:../src/DIO_program.c **** 		case GPIOB : 
 128:../src/DIO_program.c **** 		TOG_BIT(GPIOB_ODR, Copy_u8pin);
 405              		.loc 1 128 0
 406 001c 0123     		movs	r3, #1
 407 001e 03FA01F1 		lsl	r1, r3, r1
 408              	.LVL53:
 409 0022 074A     		ldr	r2, .L42+4
 410 0024 1368     		ldr	r3, [r2]
 411 0026 4B40     		eors	r3, r3, r1
 412 0028 1360     		str	r3, [r2]
 129:../src/DIO_program.c **** 		break;
 413              		.loc 1 129 0
 414 002a 7047     		bx	lr
 415              	.LVL54:
 416              	.L41:
 130:../src/DIO_program.c **** 		case GPIOC : 
 131:../src/DIO_program.c **** 		TOG_BIT(GPIOC_ODR, Copy_u8pin);
 417              		.loc 1 131 0
 418 002c 0123     		movs	r3, #1
 419 002e 03FA01F1 		lsl	r1, r3, r1
 420              	.LVL55:
 421 0032 044A     		ldr	r2, .L42+8
 422 0034 1368     		ldr	r3, [r2]
 423 0036 4B40     		eors	r3, r3, r1
 424 0038 1360     		str	r3, [r2]
 132:../src/DIO_program.c **** 		break;
 133:../src/DIO_program.c **** 	}
 134:../src/DIO_program.c **** }
 425              		.loc 1 134 0
 426 003a 7047     		bx	lr
 427              	.L43:
 428              		.align	2
 429              	.L42:
 430 003c 0C080140 		.word	1073809420
 431 0040 0C0C0140 		.word	1073810444
 432 0044 0C100140 		.word	1073811468
 433              		.cfi_endproc
 434              	.LFE3:
 436              		.section	.text.DIO_voidSetLockPin,"ax",%progbits
 437              		.align	1
 438              		.global	DIO_voidSetLockPin
 439              		.syntax unified
 440              		.thumb
 441              		.thumb_func
 442              		.fpu softvfp
 444              	DIO_voidSetLockPin:
 445              	.LFB4:
 135:../src/DIO_program.c **** void DIO_voidSetLockPin(u8 Copy_u8port, u8 Copy_u8bit)
 136:../src/DIO_program.c **** {
 446              		.loc 1 136 0
 447              		.cfi_startproc
 448              		@ args = 0, pretend = 0, frame = 0
 449              		@ frame_needed = 0, uses_anonymous_args = 0
 450              		@ link register save eliminated.
 451              	.LVL56:
 137:../src/DIO_program.c **** 	switch(Copy_u8port)
 452              		.loc 1 137 0
 453 0000 0128     		cmp	r0, #1
 454 0002 0DD0     		beq	.L46
 455 0004 10B1     		cbz	r0, .L47
 456 0006 0228     		cmp	r0, #2
 457 0008 14D0     		beq	.L48
 458 000a 7047     		bx	lr
 459              	.L47:
 138:../src/DIO_program.c **** 	{
 139:../src/DIO_program.c **** 		case GPIOA :
 140:../src/DIO_program.c **** 		if(Copy_u8bit<=15)
 460              		.loc 1 140 0
 461 000c 0F29     		cmp	r1, #15
 462 000e 1AD8     		bhi	.L44
 141:../src/DIO_program.c **** 		{
 142:../src/DIO_program.c **** 			SET_BIT(GPIOA_LCKR,Copy_u8bit);  // each bit freezes 4 bits of(CRL,CRH)
 463              		.loc 1 142 0
 464 0010 0123     		movs	r3, #1
 465 0012 03FA01F1 		lsl	r1, r3, r1
 466              	.LVL57:
 467 0016 0C4A     		ldr	r2, .L49
 468 0018 1368     		ldr	r3, [r2]
 469 001a 0B43     		orrs	r3, r3, r1
 470 001c 1360     		str	r3, [r2]
 471 001e 7047     		bx	lr
 472              	.LVL58:
 473              	.L46:
 143:../src/DIO_program.c **** 		}
 144:../src/DIO_program.c **** 		break;
 145:../src/DIO_program.c **** 		case GPIOB :
 146:../src/DIO_program.c **** 		if(Copy_u8bit<=15)
 474              		.loc 1 146 0
 475 0020 0F29     		cmp	r1, #15
 476 0022 10D8     		bhi	.L44
 147:../src/DIO_program.c **** 		{
 148:../src/DIO_program.c **** 			SET_BIT(GPIOB_LCKR,Copy_u8bit);
 477              		.loc 1 148 0
 478 0024 0123     		movs	r3, #1
 479 0026 03FA01F1 		lsl	r1, r3, r1
 480              	.LVL59:
 481 002a 084A     		ldr	r2, .L49+4
 482 002c 1368     		ldr	r3, [r2]
 483 002e 0B43     		orrs	r3, r3, r1
 484 0030 1360     		str	r3, [r2]
 485 0032 7047     		bx	lr
 486              	.LVL60:
 487              	.L48:
 149:../src/DIO_program.c **** 		}
 150:../src/DIO_program.c **** 		break;
 151:../src/DIO_program.c **** 		case GPIOC :
 152:../src/DIO_program.c **** 		if(Copy_u8bit<=15)
 488              		.loc 1 152 0
 489 0034 0F29     		cmp	r1, #15
 490 0036 06D8     		bhi	.L44
 153:../src/DIO_program.c **** 		{
 154:../src/DIO_program.c **** 			SET_BIT(GPIOC_LCKR,Copy_u8bit);
 491              		.loc 1 154 0
 492 0038 0123     		movs	r3, #1
 493 003a 03FA01F1 		lsl	r1, r3, r1
 494              	.LVL61:
 495 003e 044A     		ldr	r2, .L49+8
 496 0040 1368     		ldr	r3, [r2]
 497 0042 0B43     		orrs	r3, r3, r1
 498 0044 1360     		str	r3, [r2]
 499              	.L44:
 155:../src/DIO_program.c **** 		}
 156:../src/DIO_program.c **** 		break;
 157:../src/DIO_program.c **** 	}
 158:../src/DIO_program.c **** }
 500              		.loc 1 158 0
 501 0046 7047     		bx	lr
 502              	.L50:
 503              		.align	2
 504              	.L49:
 505 0048 18080140 		.word	1073809432
 506 004c 180C0140 		.word	1073810456
 507 0050 18100140 		.word	1073811480
 508              		.cfi_endproc
 509              	.LFE4:
 511              		.section	.text.DIO_voidSetPort,"ax",%progbits
 512              		.align	1
 513              		.global	DIO_voidSetPort
 514              		.syntax unified
 515              		.thumb
 516              		.thumb_func
 517              		.fpu softvfp
 519              	DIO_voidSetPort:
 520              	.LFB5:
 159:../src/DIO_program.c **** void DIO_voidSetPort(u8 Copy_u8port, u8 Copy_u8value)
 160:../src/DIO_program.c **** {
 521              		.loc 1 160 0
 522              		.cfi_startproc
 523              		@ args = 0, pretend = 0, frame = 0
 524              		@ frame_needed = 0, uses_anonymous_args = 0
 525              		@ link register save eliminated.
 526              	.LVL62:
 161:../src/DIO_program.c ****    switch(Copy_u8port)
 527              		.loc 1 161 0
 528 0000 0128     		cmp	r0, #1
 529 0002 06D0     		beq	.L53
 530 0004 10B1     		cbz	r0, .L54
 531 0006 0228     		cmp	r0, #2
 532 0008 06D0     		beq	.L55
 533 000a 7047     		bx	lr
 534              	.L54:
 162:../src/DIO_program.c ****    {
 163:../src/DIO_program.c ****          case GPIOA :
 164:../src/DIO_program.c ****          SET_PORT(GPIOA_ODR,Copy_u8value);
 535              		.loc 1 164 0
 536 000c 044B     		ldr	r3, .L56
 537 000e 1960     		str	r1, [r3]
 165:../src/DIO_program.c ****          break;
 538              		.loc 1 165 0
 539 0010 7047     		bx	lr
 540              	.L53:
 166:../src/DIO_program.c ****          case GPIOB :
 167:../src/DIO_program.c ****          SET_PORT(GPIOB_ODR,Copy_u8value);
 541              		.loc 1 167 0
 542 0012 044B     		ldr	r3, .L56+4
 543 0014 1960     		str	r1, [r3]
 168:../src/DIO_program.c ****          break;
 544              		.loc 1 168 0
 545 0016 7047     		bx	lr
 546              	.L55:
 169:../src/DIO_program.c ****          case GPIOC :
 170:../src/DIO_program.c ****          SET_PORT(GPIOC_ODR,Copy_u8value);
 547              		.loc 1 170 0
 548 0018 034B     		ldr	r3, .L56+8
 549 001a 1960     		str	r1, [r3]
 171:../src/DIO_program.c ****          break;
 172:../src/DIO_program.c ****    }
 173:../src/DIO_program.c **** }
 550              		.loc 1 173 0
 551 001c 7047     		bx	lr
 552              	.L57:
 553 001e 00BF     		.align	2
 554              	.L56:
 555 0020 0C080140 		.word	1073809420
 556 0024 0C0C0140 		.word	1073810444
 557 0028 0C100140 		.word	1073811468
 558              		.cfi_endproc
 559              	.LFE5:
 561              		.text
 562              	.Letext0:
 563              		.file 2 "../include/STD_TYPES.h"
DEFINED SYMBOLS
                            *ABS*:00000000 DIO_program.c
C:\Users\asss5\AppData\Local\Temp\cc96bLLd.s:16     .text.DIO_voidSetDirection:00000000 $t
C:\Users\asss5\AppData\Local\Temp\cc96bLLd.s:23     .text.DIO_voidSetDirection:00000000 DIO_voidSetDirection
C:\Users\asss5\AppData\Local\Temp\cc96bLLd.s:183    .text.DIO_voidSetDirection:000000d0 $d
C:\Users\asss5\AppData\Local\Temp\cc96bLLd.s:189    .text.DIO_voidSetValue:00000000 $t
C:\Users\asss5\AppData\Local\Temp\cc96bLLd.s:196    .text.DIO_voidSetValue:00000000 DIO_voidSetValue
C:\Users\asss5\AppData\Local\Temp\cc96bLLd.s:290    .text.DIO_voidSetValue:00000070 $d
C:\Users\asss5\AppData\Local\Temp\cc96bLLd.s:301    .text.DIO_u8GetValue:00000000 $t
C:\Users\asss5\AppData\Local\Temp\cc96bLLd.s:308    .text.DIO_u8GetValue:00000000 DIO_u8GetValue
C:\Users\asss5\AppData\Local\Temp\cc96bLLd.s:363    .text.DIO_u8GetValue:00000034 $d
C:\Users\asss5\AppData\Local\Temp\cc96bLLd.s:370    .text.DIO_voidTogPin:00000000 $t
C:\Users\asss5\AppData\Local\Temp\cc96bLLd.s:377    .text.DIO_voidTogPin:00000000 DIO_voidTogPin
C:\Users\asss5\AppData\Local\Temp\cc96bLLd.s:430    .text.DIO_voidTogPin:0000003c $d
C:\Users\asss5\AppData\Local\Temp\cc96bLLd.s:437    .text.DIO_voidSetLockPin:00000000 $t
C:\Users\asss5\AppData\Local\Temp\cc96bLLd.s:444    .text.DIO_voidSetLockPin:00000000 DIO_voidSetLockPin
C:\Users\asss5\AppData\Local\Temp\cc96bLLd.s:505    .text.DIO_voidSetLockPin:00000048 $d
C:\Users\asss5\AppData\Local\Temp\cc96bLLd.s:512    .text.DIO_voidSetPort:00000000 $t
C:\Users\asss5\AppData\Local\Temp\cc96bLLd.s:519    .text.DIO_voidSetPort:00000000 DIO_voidSetPort
C:\Users\asss5\AppData\Local\Temp\cc96bLLd.s:555    .text.DIO_voidSetPort:00000020 $d
                           .group:00000000 wm4.0.c450a18b2a29049e2cbb4137d58ca9b1
                           .group:00000000 wm4.BIT_MATH.h.7.9e202d561dbc646358aac71c4817ca6a
                           .group:00000000 wm4.DIO_interface.h.7.4c1559a04c09320dc23edb3814afc07d
                           .group:00000000 wm4.DIO_private.h.7.a7da32167687d01afcf2cd6fcd7cd63c

NO UNDEFINED SYMBOLS
